2017-11-11 23:31:28 [main] Starting ShoppingmallApplication on zhangkundeMacBook-Pro.local with PID 8829 (/Users/zk/IdeaProjects/shopping_mall/shopping_mall/target/classes started by zk in /Users/zk/IdeaProjects/shopping_mall/shopping_mall)
2017-11-11 23:31:28 [main] The following profiles are active: test
2017-11-11 23:31:28 [background-preinit] HV000001: Hibernate Validator 5.3.5.Final
2017-11-11 23:31:28 [main] Refreshing org.springframework.boot.context.embedded.AnnotationConfigEmbeddedWebApplicationContext@4a067c25: startup date [Sat Nov 11 23:31:28 CST 2017]; root of context hierarchy
2017-11-11 23:31:29 [main] Tomcat initialized with port(s): 20000 (http)
2017-11-11 23:31:29 [main] Starting service [Tomcat]
2017-11-11 23:31:29 [main] Starting Servlet Engine: Apache Tomcat/8.5.23
2017-11-11 23:31:30 [localhost-startStop-1] Initializing Spring embedded WebApplicationContext
2017-11-11 23:31:30 [localhost-startStop-1] Root WebApplicationContext: initialization completed in 1539 ms
2017-11-11 23:31:30 [localhost-startStop-1] Mapping servlet: 'dispatcherServlet' to [/]
2017-11-11 23:31:30 [localhost-startStop-1] Mapping filter: 'characterEncodingFilter' to: [/*]
2017-11-11 23:31:30 [localhost-startStop-1] Mapping filter: 'hiddenHttpMethodFilter' to: [/*]
2017-11-11 23:31:30 [localhost-startStop-1] Mapping filter: 'httpPutFormContentFilter' to: [/*]
2017-11-11 23:31:30 [localhost-startStop-1] Mapping filter: 'requestContextFilter' to: [/*]
2017-11-11 23:31:30 [main] Mapped "{[/user/register],methods=[POST]}" onto public java.lang.Object com.shopping.mall.web.controller.UserController.create(java.lang.Integer)
2017-11-11 23:31:30 [main] Mapped "{[/v2/api-docs],methods=[GET],produces=[application/json || application/hal+json]}" onto public org.springframework.http.ResponseEntity<springfox.documentation.spring.web.json.Json> springfox.documentation.swagger2.web.Swagger2Controller.getDocumentation(java.lang.String,javax.servlet.http.HttpServletRequest)
2017-11-11 23:31:30 [main] Mapped "{[/swagger-resources/configuration/security]}" onto org.springframework.http.ResponseEntity<springfox.documentation.swagger.web.SecurityConfiguration> springfox.documentation.swagger.web.ApiResourceController.securityConfiguration()
2017-11-11 23:31:30 [main] Mapped "{[/swagger-resources/configuration/ui]}" onto org.springframework.http.ResponseEntity<springfox.documentation.swagger.web.UiConfiguration> springfox.documentation.swagger.web.ApiResourceController.uiConfiguration()
2017-11-11 23:31:30 [main] Mapped "{[/swagger-resources]}" onto org.springframework.http.ResponseEntity<java.util.List<springfox.documentation.swagger.web.SwaggerResource>> springfox.documentation.swagger.web.ApiResourceController.swaggerResources()
2017-11-11 23:31:30 [main] Mapped "{[/error]}" onto public org.springframework.http.ResponseEntity<java.util.Map<java.lang.String, java.lang.Object>> org.springframework.boot.autoconfigure.web.BasicErrorController.error(javax.servlet.http.HttpServletRequest)
2017-11-11 23:31:30 [main] Mapped "{[/error],produces=[text/html]}" onto public org.springframework.web.servlet.ModelAndView org.springframework.boot.autoconfigure.web.BasicErrorController.errorHtml(javax.servlet.http.HttpServletRequest,javax.servlet.http.HttpServletResponse)
2017-11-11 23:31:31 [main] Looking for @ControllerAdvice: org.springframework.boot.context.embedded.AnnotationConfigEmbeddedWebApplicationContext@4a067c25: startup date [Sat Nov 11 23:31:28 CST 2017]; root of context hierarchy
2017-11-11 23:31:31 [main] Mapped URL path [/webjars/**] onto handler of type [class org.springframework.web.servlet.resource.ResourceHttpRequestHandler]
2017-11-11 23:31:31 [main] Mapped URL path [/**] onto handler of type [class org.springframework.web.servlet.resource.ResourceHttpRequestHandler]
2017-11-11 23:31:31 [main] Mapped URL path [/**/favicon.ico] onto handler of type [class org.springframework.web.servlet.resource.ResourceHttpRequestHandler]
2017-11-11 23:31:31 [main] Registering beans for JMX exposure on startup
2017-11-11 23:31:31 [main] Starting beans in phase 2147483647
2017-11-11 23:31:31 [main] Context refreshed
2017-11-11 23:31:31 [main] Found 1 custom documentation plugin(s)
2017-11-11 23:31:31 [main] Scanning for api listing references
2017-11-11 23:31:31 [main] Initializing ProtocolHandler ["http-nio-20000"]
2017-11-11 23:31:31 [main] Starting ProtocolHandler ["http-nio-20000"]
2017-11-11 23:31:31 [main] Using a shared selector for servlet write/read
2017-11-11 23:31:31 [main] Tomcat started on port(s): 20000 (http)
2017-11-11 23:31:31 [main] Started ShoppingmallApplication in 3.673 seconds (JVM running for 4.947)
2017-11-11 23:31:53 [http-nio-20000-exec-1] Initializing Spring FrameworkServlet 'dispatcherServlet'
2017-11-11 23:31:53 [http-nio-20000-exec-1] FrameworkServlet 'dispatcherServlet': initialization started
2017-11-11 23:31:53 [http-nio-20000-exec-1] FrameworkServlet 'dispatcherServlet': initialization completed in 27 ms
2017-11-11 23:31:59 [http-nio-20000-exec-7] URL : http://localhost:20000/user/register
2017-11-11 23:31:59 [http-nio-20000-exec-7] HTTP_METHOD : POST
2017-11-11 23:31:59 [http-nio-20000-exec-7] IP : 0:0:0:0:0:0:0:1
2017-11-11 23:31:59 [http-nio-20000-exec-7] CLASS_METHOD : com.shopping.mall.web.controller.UserController.create
2017-11-11 23:31:59 [http-nio-20000-exec-7] ARGS : [11]
2017-11-11 23:31:59 [http-nio-20000-exec-7] RESPONSE : null
2017-11-11 23:31:59 [http-nio-20000-exec-7] SPEND TIME : 9
2017-11-11 23:57:58 [Thread-11] Closing org.springframework.boot.context.embedded.AnnotationConfigEmbeddedWebApplicationContext@4a067c25: startup date [Sat Nov 11 23:31:28 CST 2017]; root of context hierarchy
