2017-11-12 00:09:01 [main] Starting ShoppingmallApplication on zhangkundeMacBook-Pro.local with PID 8893 (/Users/zk/IdeaProjects/shopping_mall/shopping_mall/target/classes started by zk in /Users/zk/IdeaProjects/shopping_mall/shopping_mall)
2017-11-12 00:09:01 [main] The following profiles are active: test
2017-11-12 00:09:01 [background-preinit] HV000001: Hibernate Validator 5.3.5.Final
2017-11-12 00:09:01 [main] Refreshing org.springframework.boot.context.embedded.AnnotationConfigEmbeddedWebApplicationContext@2a2da905: startup date [Sun Nov 12 00:09:01 CST 2017]; root of context hierarchy
2017-11-12 00:09:02 [main] Multiple Spring Data modules found, entering strict repository configuration mode!
2017-11-12 00:09:03 [main] Tomcat initialized with port(s): 20000 (http)
2017-11-12 00:09:03 [main] Starting service [Tomcat]
2017-11-12 00:09:03 [main] Starting Servlet Engine: Apache Tomcat/8.5.23
2017-11-12 00:09:03 [localhost-startStop-1] Initializing Spring embedded WebApplicationContext
2017-11-12 00:09:03 [localhost-startStop-1] Root WebApplicationContext: initialization completed in 1619 ms
2017-11-12 00:09:03 [localhost-startStop-1] Mapping servlet: 'dispatcherServlet' to [/]
2017-11-12 00:09:03 [localhost-startStop-1] Mapping filter: 'characterEncodingFilter' to: [/*]
2017-11-12 00:09:03 [localhost-startStop-1] Mapping filter: 'hiddenHttpMethodFilter' to: [/*]
2017-11-12 00:09:03 [localhost-startStop-1] Mapping filter: 'httpPutFormContentFilter' to: [/*]
2017-11-12 00:09:03 [localhost-startStop-1] Mapping filter: 'requestContextFilter' to: [/*]
2017-11-12 00:09:03 [main] Mapped "{[/user/register],methods=[POST]}" onto public java.lang.Object com.shopping.mall.web.controller.UserController.create(java.lang.Integer)
2017-11-12 00:09:03 [main] Mapped "{[/v2/api-docs],methods=[GET],produces=[application/json || application/hal+json]}" onto public org.springframework.http.ResponseEntity<springfox.documentation.spring.web.json.Json> springfox.documentation.swagger2.web.Swagger2Controller.getDocumentation(java.lang.String,javax.servlet.http.HttpServletRequest)
2017-11-12 00:09:03 [main] Mapped "{[/swagger-resources/configuration/security]}" onto org.springframework.http.ResponseEntity<springfox.documentation.swagger.web.SecurityConfiguration> springfox.documentation.swagger.web.ApiResourceController.securityConfiguration()
2017-11-12 00:09:03 [main] Mapped "{[/swagger-resources/configuration/ui]}" onto org.springframework.http.ResponseEntity<springfox.documentation.swagger.web.UiConfiguration> springfox.documentation.swagger.web.ApiResourceController.uiConfiguration()
2017-11-12 00:09:03 [main] Mapped "{[/swagger-resources]}" onto org.springframework.http.ResponseEntity<java.util.List<springfox.documentation.swagger.web.SwaggerResource>> springfox.documentation.swagger.web.ApiResourceController.swaggerResources()
2017-11-12 00:09:03 [main] Mapped "{[/error]}" onto public org.springframework.http.ResponseEntity<java.util.Map<java.lang.String, java.lang.Object>> org.springframework.boot.autoconfigure.web.BasicErrorController.error(javax.servlet.http.HttpServletRequest)
2017-11-12 00:09:03 [main] Mapped "{[/error],produces=[text/html]}" onto public org.springframework.web.servlet.ModelAndView org.springframework.boot.autoconfigure.web.BasicErrorController.errorHtml(javax.servlet.http.HttpServletRequest,javax.servlet.http.HttpServletResponse)
2017-11-12 00:09:04 [main] Looking for @ControllerAdvice: org.springframework.boot.context.embedded.AnnotationConfigEmbeddedWebApplicationContext@2a2da905: startup date [Sun Nov 12 00:09:01 CST 2017]; root of context hierarchy
2017-11-12 00:09:04 [main] Mapped URL path [/webjars/**] onto handler of type [class org.springframework.web.servlet.resource.ResourceHttpRequestHandler]
2017-11-12 00:09:04 [main] Mapped URL path [/**] onto handler of type [class org.springframework.web.servlet.resource.ResourceHttpRequestHandler]
2017-11-12 00:09:04 [main] Mapped URL path [/**/favicon.ico] onto handler of type [class org.springframework.web.servlet.resource.ResourceHttpRequestHandler]
2017-11-12 00:09:05 [main] Registering beans for JMX exposure on startup
2017-11-12 00:09:05 [main] Starting beans in phase 2147483647
2017-11-12 00:09:05 [main] Context refreshed
2017-11-12 00:09:05 [main] Found 1 custom documentation plugin(s)
2017-11-12 00:09:05 [main] Scanning for api listing references
2017-11-12 00:09:05 [main] Initializing ProtocolHandler ["http-nio-20000"]
2017-11-12 00:09:05 [main] Starting ProtocolHandler ["http-nio-20000"]
2017-11-12 00:09:05 [main] Using a shared selector for servlet write/read
2017-11-12 00:09:05 [main] Tomcat started on port(s): 20000 (http)
2017-11-12 00:09:05 [main] Started ShoppingmallApplication in 4.203 seconds (JVM running for 5.436)
2017-11-12 00:09:14 [Thread-15] Closing org.springframework.boot.context.embedded.AnnotationConfigEmbeddedWebApplicationContext@2a2da905: startup date [Sun Nov 12 00:09:01 CST 2017]; root of context hierarchy
2017-11-12 00:55:04 [main] Neither @ContextConfiguration nor @ContextHierarchy found for test class [com.shopping.mall.ShoppingmallApplicationTests], using SpringBootContextLoader
2017-11-12 00:55:04 [main] Could not detect default resource locations for test class [com.shopping.mall.ShoppingmallApplicationTests]: no resource found for suffixes {-context.xml, Context.groovy}.
2017-11-12 00:55:04 [main] Could not detect default configuration classes for test class [com.shopping.mall.ShoppingmallApplicationTests]: ShoppingmallApplicationTests does not declare any static, non-private, non-final, nested classes annotated with @Configuration.
2017-11-12 00:55:04 [main] Neither @ContextConfiguration nor @ContextHierarchy found for test class [com.shopping.mall.ShoppingmallApplicationTests], using SpringBootContextLoader
2017-11-12 00:55:04 [main] Could not detect default resource locations for test class [com.shopping.mall.ShoppingmallApplicationTests]: no resource found for suffixes {-context.xml, Context.groovy}.
2017-11-12 00:55:04 [main] Could not detect default configuration classes for test class [com.shopping.mall.ShoppingmallApplicationTests]: ShoppingmallApplicationTests does not declare any static, non-private, non-final, nested classes annotated with @Configuration.
2017-11-12 00:56:00 [main] Neither @ContextConfiguration nor @ContextHierarchy found for test class [com.shopping.mall.ShoppingmallApplicationTests], using SpringBootContextLoader
2017-11-12 00:56:01 [main] Could not detect default resource locations for test class [com.shopping.mall.ShoppingmallApplicationTests]: no resource found for suffixes {-context.xml, Context.groovy}.
2017-11-12 00:56:01 [main] Could not detect default configuration classes for test class [com.shopping.mall.ShoppingmallApplicationTests]: ShoppingmallApplicationTests does not declare any static, non-private, non-final, nested classes annotated with @Configuration.
2017-11-12 00:56:01 [main] Neither @ContextConfiguration nor @ContextHierarchy found for test class [com.shopping.mall.ShoppingmallApplicationTests], using SpringBootContextLoader
2017-11-12 00:56:01 [main] Could not detect default resource locations for test class [com.shopping.mall.ShoppingmallApplicationTests]: no resource found for suffixes {-context.xml, Context.groovy}.
2017-11-12 00:56:01 [main] Could not detect default configuration classes for test class [com.shopping.mall.ShoppingmallApplicationTests]: ShoppingmallApplicationTests does not declare any static, non-private, non-final, nested classes annotated with @Configuration.
2017-11-12 03:11:19 [main] Starting ShoppingmallApplication on zhangkundeMacBook-Pro.local with PID 9318 (/Users/zk/IdeaProjects/shopping_mall/shopping_mall/target/classes started by zk in /Users/zk/IdeaProjects/shopping_mall/shopping_mall)
2017-11-12 03:11:19 [main] The following profiles are active: test
2017-11-12 03:11:19 [main] Refreshing org.springframework.boot.context.embedded.AnnotationConfigEmbeddedWebApplicationContext@7d3e8655: startup date [Sun Nov 12 03:11:19 CST 2017]; root of context hierarchy
2017-11-12 03:11:20 [background-preinit] HV000001: Hibernate Validator 5.3.5.Final
2017-11-12 03:11:20 [main] Multiple Spring Data modules found, entering strict repository configuration mode!
2017-11-12 03:11:21 [main] Tomcat initialized with port(s): 20000 (http)
2017-11-12 03:11:21 [main] Starting service [Tomcat]
2017-11-12 03:11:21 [main] Starting Servlet Engine: Apache Tomcat/8.5.23
2017-11-12 03:11:21 [localhost-startStop-1] Initializing Spring embedded WebApplicationContext
2017-11-12 03:11:21 [localhost-startStop-1] Root WebApplicationContext: initialization completed in 1669 ms
2017-11-12 03:11:21 [localhost-startStop-1] Mapping servlet: 'dispatcherServlet' to [/]
2017-11-12 03:11:21 [localhost-startStop-1] Mapping filter: 'characterEncodingFilter' to: [/*]
2017-11-12 03:11:21 [localhost-startStop-1] Mapping filter: 'hiddenHttpMethodFilter' to: [/*]
2017-11-12 03:11:21 [localhost-startStop-1] Mapping filter: 'httpPutFormContentFilter' to: [/*]
2017-11-12 03:11:21 [localhost-startStop-1] Mapping filter: 'requestContextFilter' to: [/*]
2017-11-12 03:11:22 [main] Mapped "{[/user/register],methods=[POST]}" onto public java.lang.Object com.shopping.mall.web.controller.UserController.create(java.lang.Integer)
2017-11-12 03:11:22 [main] Mapped "{[/v2/api-docs],methods=[GET],produces=[application/json || application/hal+json]}" onto public org.springframework.http.ResponseEntity<springfox.documentation.spring.web.json.Json> springfox.documentation.swagger2.web.Swagger2Controller.getDocumentation(java.lang.String,javax.servlet.http.HttpServletRequest)
2017-11-12 03:11:22 [main] Mapped "{[/swagger-resources/configuration/ui]}" onto org.springframework.http.ResponseEntity<springfox.documentation.swagger.web.UiConfiguration> springfox.documentation.swagger.web.ApiResourceController.uiConfiguration()
2017-11-12 03:11:22 [main] Mapped "{[/swagger-resources/configuration/security]}" onto org.springframework.http.ResponseEntity<springfox.documentation.swagger.web.SecurityConfiguration> springfox.documentation.swagger.web.ApiResourceController.securityConfiguration()
2017-11-12 03:11:22 [main] Mapped "{[/swagger-resources]}" onto org.springframework.http.ResponseEntity<java.util.List<springfox.documentation.swagger.web.SwaggerResource>> springfox.documentation.swagger.web.ApiResourceController.swaggerResources()
2017-11-12 03:11:22 [main] Mapped "{[/error]}" onto public org.springframework.http.ResponseEntity<java.util.Map<java.lang.String, java.lang.Object>> org.springframework.boot.autoconfigure.web.BasicErrorController.error(javax.servlet.http.HttpServletRequest)
2017-11-12 03:11:22 [main] Mapped "{[/error],produces=[text/html]}" onto public org.springframework.web.servlet.ModelAndView org.springframework.boot.autoconfigure.web.BasicErrorController.errorHtml(javax.servlet.http.HttpServletRequest,javax.servlet.http.HttpServletResponse)
2017-11-12 03:11:22 [main] Looking for @ControllerAdvice: org.springframework.boot.context.embedded.AnnotationConfigEmbeddedWebApplicationContext@7d3e8655: startup date [Sun Nov 12 03:11:19 CST 2017]; root of context hierarchy
2017-11-12 03:11:22 [main] Mapped URL path [/webjars/**] onto handler of type [class org.springframework.web.servlet.resource.ResourceHttpRequestHandler]
2017-11-12 03:11:22 [main] Mapped URL path [/**] onto handler of type [class org.springframework.web.servlet.resource.ResourceHttpRequestHandler]
2017-11-12 03:11:22 [main] Mapped URL path [/**/favicon.ico] onto handler of type [class org.springframework.web.servlet.resource.ResourceHttpRequestHandler]
2017-11-12 03:11:22 [main] Registering beans for JMX exposure on startup
2017-11-12 03:11:22 [main] Starting beans in phase 2147483647
2017-11-12 03:11:22 [main] Context refreshed
2017-11-12 03:11:22 [main] Found 1 custom documentation plugin(s)
2017-11-12 03:11:22 [main] Scanning for api listing references
2017-11-12 03:11:23 [main] Initializing ProtocolHandler ["http-nio-20000"]
2017-11-12 03:11:23 [main] Starting ProtocolHandler ["http-nio-20000"]
2017-11-12 03:11:23 [main] Using a shared selector for servlet write/read
2017-11-12 03:11:23 [main] Tomcat started on port(s): 20000 (http)
2017-11-12 03:11:23 [main] Started ShoppingmallApplication in 3.844 seconds (JVM running for 4.894)
2017-11-12 03:11:27 [Thread-14] Closing org.springframework.boot.context.embedded.AnnotationConfigEmbeddedWebApplicationContext@7d3e8655: startup date [Sun Nov 12 03:11:19 CST 2017]; root of context hierarchy
2017-11-12 03:11:39 [main] Starting ShoppingmallApplication on zhangkundeMacBook-Pro.local with PID 9321 (/Users/zk/IdeaProjects/shopping_mall/shopping_mall/target/classes started by zk in /Users/zk/IdeaProjects/shopping_mall/shopping_mall)
2017-11-12 03:11:39 [main] The following profiles are active: test
2017-11-12 03:11:39 [background-preinit] HV000001: Hibernate Validator 5.3.5.Final
2017-11-12 03:11:39 [main] Refreshing org.springframework.boot.context.embedded.AnnotationConfigEmbeddedWebApplicationContext@7d3e8655: startup date [Sun Nov 12 03:11:39 CST 2017]; root of context hierarchy
2017-11-12 03:11:40 [main] Multiple Spring Data modules found, entering strict repository configuration mode!
2017-11-12 03:11:41 [main] Tomcat initialized with port(s): 20000 (http)
2017-11-12 03:11:41 [main] Starting service [Tomcat]
2017-11-12 03:11:41 [main] Starting Servlet Engine: Apache Tomcat/8.5.23
2017-11-12 03:11:41 [localhost-startStop-1] Initializing Spring embedded WebApplicationContext
2017-11-12 03:11:41 [localhost-startStop-1] Root WebApplicationContext: initialization completed in 1473 ms
2017-11-12 03:11:41 [localhost-startStop-1] Mapping servlet: 'dispatcherServlet' to [/]
2017-11-12 03:11:41 [localhost-startStop-1] Mapping filter: 'characterEncodingFilter' to: [/*]
2017-11-12 03:11:41 [localhost-startStop-1] Mapping filter: 'hiddenHttpMethodFilter' to: [/*]
2017-11-12 03:11:41 [localhost-startStop-1] Mapping filter: 'httpPutFormContentFilter' to: [/*]
2017-11-12 03:11:41 [localhost-startStop-1] Mapping filter: 'requestContextFilter' to: [/*]
2017-11-12 03:11:41 [main] Mapped "{[/user/register],methods=[POST]}" onto public java.lang.Object com.shopping.mall.web.controller.UserController.create(java.lang.Integer)
2017-11-12 03:11:41 [main] Mapped "{[/v2/api-docs],methods=[GET],produces=[application/json || application/hal+json]}" onto public org.springframework.http.ResponseEntity<springfox.documentation.spring.web.json.Json> springfox.documentation.swagger2.web.Swagger2Controller.getDocumentation(java.lang.String,javax.servlet.http.HttpServletRequest)
2017-11-12 03:11:41 [main] Mapped "{[/swagger-resources/configuration/ui]}" onto org.springframework.http.ResponseEntity<springfox.documentation.swagger.web.UiConfiguration> springfox.documentation.swagger.web.ApiResourceController.uiConfiguration()
2017-11-12 03:11:41 [main] Mapped "{[/swagger-resources/configuration/security]}" onto org.springframework.http.ResponseEntity<springfox.documentation.swagger.web.SecurityConfiguration> springfox.documentation.swagger.web.ApiResourceController.securityConfiguration()
2017-11-12 03:11:41 [main] Mapped "{[/swagger-resources]}" onto org.springframework.http.ResponseEntity<java.util.List<springfox.documentation.swagger.web.SwaggerResource>> springfox.documentation.swagger.web.ApiResourceController.swaggerResources()
2017-11-12 03:11:41 [main] Mapped "{[/error]}" onto public org.springframework.http.ResponseEntity<java.util.Map<java.lang.String, java.lang.Object>> org.springframework.boot.autoconfigure.web.BasicErrorController.error(javax.servlet.http.HttpServletRequest)
2017-11-12 03:11:41 [main] Mapped "{[/error],produces=[text/html]}" onto public org.springframework.web.servlet.ModelAndView org.springframework.boot.autoconfigure.web.BasicErrorController.errorHtml(javax.servlet.http.HttpServletRequest,javax.servlet.http.HttpServletResponse)
2017-11-12 03:11:42 [main] Looking for @ControllerAdvice: org.springframework.boot.context.embedded.AnnotationConfigEmbeddedWebApplicationContext@7d3e8655: startup date [Sun Nov 12 03:11:39 CST 2017]; root of context hierarchy
2017-11-12 03:11:42 [main] Mapped URL path [/webjars/**] onto handler of type [class org.springframework.web.servlet.resource.ResourceHttpRequestHandler]
2017-11-12 03:11:42 [main] Mapped URL path [/**] onto handler of type [class org.springframework.web.servlet.resource.ResourceHttpRequestHandler]
2017-11-12 03:11:42 [main] Mapped URL path [/**/favicon.ico] onto handler of type [class org.springframework.web.servlet.resource.ResourceHttpRequestHandler]
2017-11-12 03:11:42 [main] Registering beans for JMX exposure on startup
2017-11-12 03:11:42 [main] Starting beans in phase 2147483647
2017-11-12 03:11:42 [main] Context refreshed
2017-11-12 03:11:42 [main] Found 1 custom documentation plugin(s)
2017-11-12 03:11:42 [main] Scanning for api listing references
2017-11-12 03:11:42 [main] Initializing ProtocolHandler ["http-nio-20000"]
2017-11-12 03:11:42 [main] Starting ProtocolHandler ["http-nio-20000"]
2017-11-12 03:11:43 [main] Using a shared selector for servlet write/read
2017-11-12 03:11:43 [main] Tomcat started on port(s): 20000 (http)
2017-11-12 03:11:43 [main] Started ShoppingmallApplication in 3.645 seconds (JVM running for 4.633)
2017-11-12 03:11:50 [Thread-13] Closing org.springframework.boot.context.embedded.AnnotationConfigEmbeddedWebApplicationContext@7d3e8655: startup date [Sun Nov 12 03:11:39 CST 2017]; root of context hierarchy
2017-11-12 14:23:52 [main] Starting ShoppingmallApplication on zhangkundeMacBook-Pro.local with PID 9545 (/Users/zk/IdeaProjects/shopping_mall/shopping_mall/target/classes started by zk in /Users/zk/IdeaProjects/shopping_mall/shopping_mall)
2017-11-12 14:23:52 [main] The following profiles are active: test
2017-11-12 14:23:52 [main] Refreshing org.springframework.boot.context.embedded.AnnotationConfigEmbeddedWebApplicationContext@27e0f2f5: startup date [Sun Nov 12 14:23:52 CST 2017]; root of context hierarchy
2017-11-12 14:23:52 [background-preinit] HV000001: Hibernate Validator 5.3.5.Final
2017-11-12 14:23:53 [main] Multiple Spring Data modules found, entering strict repository configuration mode!
2017-11-12 14:23:54 [main] Tomcat initialized with port(s): 20000 (http)
2017-11-12 14:23:54 [main] Starting service [Tomcat]
2017-11-12 14:23:54 [main] Starting Servlet Engine: Apache Tomcat/8.5.23
2017-11-12 14:23:54 [localhost-startStop-1] Initializing Spring embedded WebApplicationContext
2017-11-12 14:23:54 [localhost-startStop-1] Root WebApplicationContext: initialization completed in 2096 ms
2017-11-12 14:23:55 [localhost-startStop-1] Mapping servlet: 'dispatcherServlet' to [/]
2017-11-12 14:23:55 [localhost-startStop-1] Mapping filter: 'characterEncodingFilter' to: [/*]
2017-11-12 14:23:55 [localhost-startStop-1] Mapping filter: 'hiddenHttpMethodFilter' to: [/*]
2017-11-12 14:23:55 [localhost-startStop-1] Mapping filter: 'httpPutFormContentFilter' to: [/*]
2017-11-12 14:23:55 [localhost-startStop-1] Mapping filter: 'requestContextFilter' to: [/*]
2017-11-12 14:23:55 [main] Mapped "{[/user/register],methods=[POST]}" onto public java.lang.Object com.shopping.mall.web.controller.UserController.create(java.lang.Integer)
2017-11-12 14:23:55 [main] Mapped "{[/v2/api-docs],methods=[GET],produces=[application/json || application/hal+json]}" onto public org.springframework.http.ResponseEntity<springfox.documentation.spring.web.json.Json> springfox.documentation.swagger2.web.Swagger2Controller.getDocumentation(java.lang.String,javax.servlet.http.HttpServletRequest)
2017-11-12 14:23:55 [main] Mapped "{[/swagger-resources/configuration/security]}" onto org.springframework.http.ResponseEntity<springfox.documentation.swagger.web.SecurityConfiguration> springfox.documentation.swagger.web.ApiResourceController.securityConfiguration()
2017-11-12 14:23:55 [main] Mapped "{[/swagger-resources/configuration/ui]}" onto org.springframework.http.ResponseEntity<springfox.documentation.swagger.web.UiConfiguration> springfox.documentation.swagger.web.ApiResourceController.uiConfiguration()
2017-11-12 14:23:55 [main] Mapped "{[/swagger-resources]}" onto org.springframework.http.ResponseEntity<java.util.List<springfox.documentation.swagger.web.SwaggerResource>> springfox.documentation.swagger.web.ApiResourceController.swaggerResources()
2017-11-12 14:23:55 [main] Mapped "{[/error]}" onto public org.springframework.http.ResponseEntity<java.util.Map<java.lang.String, java.lang.Object>> org.springframework.boot.autoconfigure.web.BasicErrorController.error(javax.servlet.http.HttpServletRequest)
2017-11-12 14:23:55 [main] Mapped "{[/error],produces=[text/html]}" onto public org.springframework.web.servlet.ModelAndView org.springframework.boot.autoconfigure.web.BasicErrorController.errorHtml(javax.servlet.http.HttpServletRequest,javax.servlet.http.HttpServletResponse)
2017-11-12 14:23:56 [main] Looking for @ControllerAdvice: org.springframework.boot.context.embedded.AnnotationConfigEmbeddedWebApplicationContext@27e0f2f5: startup date [Sun Nov 12 14:23:52 CST 2017]; root of context hierarchy
2017-11-12 14:23:56 [main] Mapped URL path [/webjars/**] onto handler of type [class org.springframework.web.servlet.resource.ResourceHttpRequestHandler]
2017-11-12 14:23:56 [main] Mapped URL path [/**] onto handler of type [class org.springframework.web.servlet.resource.ResourceHttpRequestHandler]
2017-11-12 14:23:56 [main] Mapped URL path [/**/favicon.ico] onto handler of type [class org.springframework.web.servlet.resource.ResourceHttpRequestHandler]
2017-11-12 14:23:56 [main] Registering beans for JMX exposure on startup
2017-11-12 14:23:56 [main] Starting beans in phase 2147483647
2017-11-12 14:23:56 [main] Context refreshed
2017-11-12 14:23:57 [main] Found 1 custom documentation plugin(s)
2017-11-12 14:23:57 [main] Scanning for api listing references
2017-11-12 14:23:57 [main] Initializing ProtocolHandler ["http-nio-20000"]
2017-11-12 14:23:57 [main] Starting ProtocolHandler ["http-nio-20000"]
2017-11-12 14:23:57 [main] Using a shared selector for servlet write/read
2017-11-12 14:23:57 [main] Tomcat started on port(s): 20000 (http)
2017-11-12 14:23:57 [main] Started ShoppingmallApplication in 4.921 seconds (JVM running for 7.12)
2017-11-12 14:24:38 [http-nio-20000-exec-6] Initializing Spring FrameworkServlet 'dispatcherServlet'
2017-11-12 14:24:38 [http-nio-20000-exec-6] FrameworkServlet 'dispatcherServlet': initialization started
2017-11-12 14:24:38 [http-nio-20000-exec-6] FrameworkServlet 'dispatcherServlet': initialization completed in 24 ms
2017-11-12 14:25:24 [Thread-16] Closing org.springframework.boot.context.embedded.AnnotationConfigEmbeddedWebApplicationContext@27e0f2f5: startup date [Sun Nov 12 14:23:52 CST 2017]; root of context hierarchy
2017-11-12 19:44:27 [main] Starting ShoppingmallApplication on zhangkundeMacBook-Pro.local with PID 9783 (/Users/zk/IdeaProjects/shopping_mall/shopping_mall/target/classes started by zk in /Users/zk/IdeaProjects/shopping_mall/shopping_mall)
2017-11-12 19:44:27 [main] The following profiles are active: test
2017-11-12 19:44:27 [main] Refreshing org.springframework.boot.context.embedded.AnnotationConfigEmbeddedWebApplicationContext@41488b16: startup date [Sun Nov 12 19:44:27 CST 2017]; root of context hierarchy
2017-11-12 19:44:27 [background-preinit] HV000001: Hibernate Validator 5.3.5.Final
2017-11-12 19:44:28 [main] Multiple Spring Data modules found, entering strict repository configuration mode!
2017-11-12 19:44:29 [main] Tomcat initialized with port(s): 20000 (http)
2017-11-12 19:44:29 [main] Starting service [Tomcat]
2017-11-12 19:44:29 [main] Starting Servlet Engine: Apache Tomcat/8.5.23
2017-11-12 19:44:29 [localhost-startStop-1] Initializing Spring embedded WebApplicationContext
2017-11-12 19:44:29 [localhost-startStop-1] Root WebApplicationContext: initialization completed in 1635 ms
2017-11-12 19:44:29 [localhost-startStop-1] Mapping servlet: 'dispatcherServlet' to [/]
2017-11-12 19:44:29 [localhost-startStop-1] Mapping filter: 'characterEncodingFilter' to: [/*]
2017-11-12 19:44:29 [localhost-startStop-1] Mapping filter: 'hiddenHttpMethodFilter' to: [/*]
2017-11-12 19:44:29 [localhost-startStop-1] Mapping filter: 'httpPutFormContentFilter' to: [/*]
2017-11-12 19:44:29 [localhost-startStop-1] Mapping filter: 'requestContextFilter' to: [/*]
2017-11-12 19:44:30 [main] Mapped "{[/user/register],methods=[POST]}" onto public java.lang.Object com.shopping.mall.web.controller.UserController.create(java.lang.Integer)
2017-11-12 19:44:30 [main] Mapped "{[/v2/api-docs],methods=[GET],produces=[application/json || application/hal+json]}" onto public org.springframework.http.ResponseEntity<springfox.documentation.spring.web.json.Json> springfox.documentation.swagger2.web.Swagger2Controller.getDocumentation(java.lang.String,javax.servlet.http.HttpServletRequest)
2017-11-12 19:44:30 [main] Mapped "{[/swagger-resources/configuration/ui]}" onto org.springframework.http.ResponseEntity<springfox.documentation.swagger.web.UiConfiguration> springfox.documentation.swagger.web.ApiResourceController.uiConfiguration()
2017-11-12 19:44:30 [main] Mapped "{[/swagger-resources/configuration/security]}" onto org.springframework.http.ResponseEntity<springfox.documentation.swagger.web.SecurityConfiguration> springfox.documentation.swagger.web.ApiResourceController.securityConfiguration()
2017-11-12 19:44:30 [main] Mapped "{[/swagger-resources]}" onto org.springframework.http.ResponseEntity<java.util.List<springfox.documentation.swagger.web.SwaggerResource>> springfox.documentation.swagger.web.ApiResourceController.swaggerResources()
2017-11-12 19:44:30 [main] Mapped "{[/error]}" onto public org.springframework.http.ResponseEntity<java.util.Map<java.lang.String, java.lang.Object>> org.springframework.boot.autoconfigure.web.BasicErrorController.error(javax.servlet.http.HttpServletRequest)
2017-11-12 19:44:30 [main] Mapped "{[/error],produces=[text/html]}" onto public org.springframework.web.servlet.ModelAndView org.springframework.boot.autoconfigure.web.BasicErrorController.errorHtml(javax.servlet.http.HttpServletRequest,javax.servlet.http.HttpServletResponse)
2017-11-12 19:44:30 [main] Looking for @ControllerAdvice: org.springframework.boot.context.embedded.AnnotationConfigEmbeddedWebApplicationContext@41488b16: startup date [Sun Nov 12 19:44:27 CST 2017]; root of context hierarchy
2017-11-12 19:44:30 [main] Mapped URL path [/webjars/**] onto handler of type [class org.springframework.web.servlet.resource.ResourceHttpRequestHandler]
2017-11-12 19:44:30 [main] Mapped URL path [/**] onto handler of type [class org.springframework.web.servlet.resource.ResourceHttpRequestHandler]
2017-11-12 19:44:30 [main] Mapped URL path [/**/favicon.ico] onto handler of type [class org.springframework.web.servlet.resource.ResourceHttpRequestHandler]
2017-11-12 19:44:31 [main] Registering beans for JMX exposure on startup
2017-11-12 19:44:31 [main] Starting beans in phase 2147483647
2017-11-12 19:44:31 [main] Context refreshed
2017-11-12 19:44:31 [main] Found 1 custom documentation plugin(s)
2017-11-12 19:44:31 [main] Scanning for api listing references
2017-11-12 19:44:31 [main] Initializing ProtocolHandler ["http-nio-20000"]
2017-11-12 19:44:31 [main] Starting ProtocolHandler ["http-nio-20000"]
2017-11-12 19:44:31 [main] Using a shared selector for servlet write/read
2017-11-12 19:44:31 [main] Tomcat started on port(s): 20000 (http)
2017-11-12 19:44:31 [main] Started ShoppingmallApplication in 4.016 seconds (JVM running for 5.216)
2017-11-12 19:44:50 [Thread-15] Closing org.springframework.boot.context.embedded.AnnotationConfigEmbeddedWebApplicationContext@41488b16: startup date [Sun Nov 12 19:44:27 CST 2017]; root of context hierarchy
